<?xml version="1.0" encoding="UTF-8"?>
<testng-results ignored="0" total="1" passed="1" failed="0" skipped="0">
  <reporter-output>
    <line>
      <![CDATA[database connected]]>
    </line>
    <line>
      <![CDATA[browser launched succsessfully]]>
    </line>
    <line>
      <![CDATA[logged in succsessfully]]>
    </line>
    <line>
      <![CDATA[logged out succsessfully]]>
    </line>
    <line>
      <![CDATA[Browser closed Successfully]]>
    </line>
    <line>
      <![CDATA[database disconnected]]>
    </line>
  </reporter-output>
  <suite started-at="2023-09-30T07:53:14 IST" name="Default suite" finished-at="2023-09-30T07:53:43 IST" duration-ms="28580">
    <groups>
    </groups>
    <test started-at="2023-09-30T07:53:14 IST" name="Default test" finished-at="2023-09-30T07:53:43 IST" duration-ms="28580">
      <class name="com.actitime.testscripts.CreateCustomer">
        <test-method is-config="true" signature="databaseconnection()[pri:0, instance:com.actitime.testscripts.CreateCustomer@6b695b06]" started-at="2023-09-30T07:53:14 IST" name="databaseconnection" finished-at="2023-09-30T07:53:14 IST" duration-ms="25" status="PASS">
          <reporter-output>
            <line>
              <![CDATA[database connected]]>
            </line>
          </reporter-output>
        </test-method> <!-- databaseconnection -->
        <test-method is-config="true" signature="launchbrowser()[pri:0, instance:com.actitime.testscripts.CreateCustomer@6b695b06]" started-at="2023-09-30T07:53:14 IST" name="launchbrowser" finished-at="2023-09-30T07:53:27 IST" duration-ms="12910" status="PASS">
          <reporter-output>
            <line>
              <![CDATA[browser launched succsessfully]]>
            </line>
          </reporter-output>
        </test-method> <!-- launchbrowser -->
        <test-method is-config="true" signature="LoginToActitime()[pri:0, instance:com.actitime.testscripts.CreateCustomer@6b695b06]" started-at="2023-09-30T07:53:27 IST" name="LoginToActitime" finished-at="2023-09-30T07:53:28 IST" duration-ms="705" status="PASS">
          <reporter-output>
            <line>
              <![CDATA[logged in succsessfully]]>
            </line>
          </reporter-output>
        </test-method> <!-- LoginToActitime -->
        <test-method signature="createcustomer()[pri:0, instance:com.actitime.testscripts.CreateCustomer@6b695b06]" started-at="2023-09-30T07:53:28 IST" name="createcustomer" finished-at="2023-09-30T07:53:39 IST" duration-ms="11615" status="PASS">
          <reporter-output>
          </reporter-output>
        </test-method> <!-- createcustomer -->
        <test-method is-config="true" signature="LogoutFromActitime()[pri:0, instance:com.actitime.testscripts.CreateCustomer@6b695b06]" started-at="2023-09-30T07:53:40 IST" name="LogoutFromActitime" finished-at="2023-09-30T07:53:42 IST" duration-ms="2904" status="PASS">
          <reporter-output>
            <line>
              <![CDATA[logged out succsessfully]]>
            </line>
          </reporter-output>
        </test-method> <!-- LogoutFromActitime -->
        <test-method is-config="true" signature="CloseBrowser()[pri:0, instance:com.actitime.testscripts.CreateCustomer@6b695b06]" started-at="2023-09-30T07:53:42 IST" name="CloseBrowser" finished-at="2023-09-30T07:53:43 IST" duration-ms="317" status="PASS">
          <reporter-output>
            <line>
              <![CDATA[Browser closed Successfully]]>
            </line>
          </reporter-output>
        </test-method> <!-- CloseBrowser -->
        <test-method is-config="true" signature="databasedisconnection()[pri:0, instance:com.actitime.testscripts.CreateCustomer@6b695b06]" started-at="2023-09-30T07:53:43 IST" name="databasedisconnection" finished-at="2023-09-30T07:53:43 IST" duration-ms="0" status="PASS">
          <reporter-output>
            <line>
              <![CDATA[database disconnected]]>
            </line>
          </reporter-output>
        </test-method> <!-- databasedisconnection -->
      </class> <!-- com.actitime.testscripts.CreateCustomer -->
    </test> <!-- Default test -->
  </suite> <!-- Default suite -->
</testng-results>
